<component name="libraryTable">
  <library name="JUnit">
    <CLASSES>
      <root url="file://$PROJECT_DIR$/../JUnit" />
    </CLASSES>
    <JAVADOC />
    <SOURCES />
  </library>
</component>